Build started 6/26/2014 Thursday 12:33:08 AM.
     1>Project "C:\Users\DXDeath\Desktop\Program 6\Program 6\Program 6.vcxproj" on node 2 (Build target(s)).
     1>ClCompile:
         C:\Program Files (x86)\Microsoft Visual Studio 12.0\VC\bin\CL.exe /c /ZI /nologo /W3 /WX- /Od /Oy- /D WIN32 /D _DEBUG /D _CONSOLE /D _LIB /D _UNICODE /D UNICODE /Gm /EHsc /RTC1 /MDd /GS /fp:precise /Zc:wchar_t /Zc:forScope /Fo"Debug\\" /Fd"Debug\vc120.pdb" /Gd /TP /analyze- /errorReport:prompt Source.cpp
         Source.cpp
     1>c:\users\dxdeath\desktop\program 6\program 6\source.cpp(65): error C2374: 'takeranswer' : redefinition; multiple initialization
                 c:\users\dxdeath\desktop\program 6\program 6\source.cpp(57) : see declaration of 'takeranswer'
     1>c:\users\dxdeath\desktop\program 6\program 6\source.cpp(77): error C3867: 'TestGrader::grade': function call missing argument list; use '&TestGrader::grade' to create a pointer to member
     1>c:\users\dxdeath\desktop\program 6\program 6\source.cpp(77): error C2107: illegal index, indirection not allowed
     1>Done Building Project "C:\Users\DXDeath\Desktop\Program 6\Program 6\Program 6.vcxproj" (Build target(s)) -- FAILED.

Build FAILED.

Time Elapsed 00:00:00.48
